{"/home/disheg/frontend-project-lvl2/src/index.js": {"path":"/home/disheg/frontend-project-lvl2/src/index.js","statementMap":{"0":{"start":{"line":6,"column":24},"end":{"line":10,"column":1}},"1":{"start":{"line":6,"column":38},"end":{"line":10,"column":1}},"2":{"start":{"line":13,"column":21},"end":{"line":13,"column":43}},"3":{"start":{"line":14,"column":21},"end":{"line":14,"column":43}},"4":{"start":{"line":16,"column":18},"end":{"line":16,"column":41}},"5":{"start":{"line":17,"column":18},"end":{"line":17,"column":41}},"6":{"start":{"line":18,"column":15},"end":{"line":18,"column":47}},"7":{"start":{"line":20,"column":17},"end":{"line":31,"column":8}},"8":{"start":{"line":21,"column":4},"end":{"line":26,"column":5}},"9":{"start":{"line":22,"column":6},"end":{"line":24,"column":7}},"10":{"start":{"line":23,"column":8},"end":{"line":23,"column":64}},"11":{"start":{"line":25,"column":6},"end":{"line":25,"column":102}},"12":{"start":{"line":27,"column":4},"end":{"line":29,"column":5}},"13":{"start":{"line":28,"column":6},"end":{"line":28,"column":62}},"14":{"start":{"line":30,"column":4},"end":{"line":30,"column":60}},"15":{"start":{"line":33,"column":2},"end":{"line":33,"column":24}}},"fnMap":{"0":{"name":"(anonymous_0)","decl":{"start":{"line":6,"column":24},"end":{"line":6,"column":25}},"loc":{"start":{"line":6,"column":38},"end":{"line":10,"column":1}},"line":6},"1":{"name":"(anonymous_1)","decl":{"start":{"line":12,"column":15},"end":{"line":12,"column":16}},"loc":{"start":{"line":12,"column":33},"end":{"line":34,"column":1}},"line":12},"2":{"name":"(anonymous_2)","decl":{"start":{"line":20,"column":29},"end":{"line":20,"column":30}},"loc":{"start":{"line":20,"column":47},"end":{"line":31,"column":3}},"line":20}},"branchMap":{"0":{"loc":{"start":{"line":21,"column":4},"end":{"line":26,"column":5}},"type":"if","locations":[{"start":{"line":21,"column":4},"end":{"line":26,"column":5}},{"start":{"line":21,"column":4},"end":{"line":26,"column":5}}],"line":21},"1":{"loc":{"start":{"line":21,"column":8},"end":{"line":21,"column":62}},"type":"binary-expr","locations":[{"start":{"line":21,"column":8},"end":{"line":21,"column":33}},{"start":{"line":21,"column":37},"end":{"line":21,"column":62}}],"line":21},"2":{"loc":{"start":{"line":22,"column":6},"end":{"line":24,"column":7}},"type":"if","locations":[{"start":{"line":22,"column":6},"end":{"line":24,"column":7}},{"start":{"line":22,"column":6},"end":{"line":24,"column":7}}],"line":22},"3":{"loc":{"start":{"line":27,"column":4},"end":{"line":29,"column":5}},"type":"if","locations":[{"start":{"line":27,"column":4},"end":{"line":29,"column":5}},{"start":{"line":27,"column":4},"end":{"line":29,"column":5}}],"line":27},"4":{"loc":{"start":{"line":27,"column":8},"end":{"line":27,"column":63}},"type":"binary-expr","locations":[{"start":{"line":27,"column":8},"end":{"line":27,"column":34}},{"start":{"line":27,"column":38},"end":{"line":27,"column":63}}],"line":27}},"s":{"0":1,"1":4,"2":2,"3":2,"4":2,"5":2,"6":2,"7":2,"8":9,"9":5,"10":3,"11":2,"12":4,"13":2,"14":2,"15":2},"f":{"0":4,"1":2,"2":9},"b":{"0":[5,4],"1":[9,7],"2":[3,2],"3":[2,2],"4":[4,2]},"_coverageSchema":"1a1c01bbd47fc00a2c39e90264f33305004495a9","hash":"46497833199e179559cdc956d6f70476474485f4"}
,"/home/disheg/frontend-project-lvl2/src/utils.js": {"path":"/home/disheg/frontend-project-lvl2/src/utils.js","statementMap":{"0":{"start":{"line":2,"column":15},"end":{"line":2,"column":53}},"1":{"start":{"line":2,"column":24},"end":{"line":2,"column":53}}},"fnMap":{"0":{"name":"(anonymous_0)","decl":{"start":{"line":2,"column":15},"end":{"line":2,"column":16}},"loc":{"start":{"line":2,"column":24},"end":{"line":2,"column":53}},"line":2}},"branchMap":{},"s":{"0":1,"1":2},"f":{"0":2},"b":{},"_coverageSchema":"1a1c01bbd47fc00a2c39e90264f33305004495a9","hash":"35eecd7f27b43a616b942b957ec1cac461ae2a9b"}
}
