TN:
SF:src/index.js
FN:6,(anonymous_0)
FN:12,(anonymous_1)
FN:20,(anonymous_2)
FNF:3
FNH:3
FNDA:4,(anonymous_0)
FNDA:2,(anonymous_1)
FNDA:9,(anonymous_2)
DA:6,4
DA:13,2
DA:14,2
DA:16,2
DA:17,2
DA:18,2
DA:20,2
DA:21,9
DA:22,5
DA:23,3
DA:25,2
DA:27,4
DA:28,2
DA:30,2
DA:33,2
LF:15
LH:15
BRDA:21,0,0,5
BRDA:21,0,1,4
BRDA:21,1,0,9
BRDA:21,1,1,7
BRDA:22,2,0,3
BRDA:22,2,1,2
BRDA:27,3,0,2
BRDA:27,3,1,2
BRDA:27,4,0,4
BRDA:27,4,1,2
BRF:10
BRH:10
end_of_record
TN:
SF:src/utils.js
FN:2,(anonymous_0)
FNF:1
FNH:1
FNDA:2,(anonymous_0)
DA:2,2
LF:1
LH:1
BRF:0
BRH:0
end_of_record
